0 info it worked if it ends with ok
1 verbose cli [ '/usr/local/Cellar/node/5.10.1/bin/node',
1 verbose cli   '/usr/local/bin/npm',
1 verbose cli   'run',
1 verbose cli   'serve' ]
2 info using npm@3.8.3
3 info using node@v5.10.1
4 verbose run-script [ 'preserve', 'serve', 'postserve' ]
5 info lifecycle shared-bookmarks@1.1.1~preserve: shared-bookmarks@1.1.1
6 silly lifecycle shared-bookmarks@1.1.1~preserve: no script for preserve, continuing
7 info lifecycle shared-bookmarks@1.1.1~serve: shared-bookmarks@1.1.1
8 verbose lifecycle shared-bookmarks@1.1.1~serve: unsafe-perm in lifecycle true
9 verbose lifecycle shared-bookmarks@1.1.1~serve: PATH: /usr/local/lib/node_modules/npm/bin/node-gyp-bin:/Users/andyhoffman/Sites/udemy/angular2/section_7/50/shared-bookmarks/node_modules/.bin:/usr/local/Cellar/node/5.10.1/bin:/usr/local/bin/mongo/bin:/usr/bin:/bin:/usr/sbin:/sbin:/usr/local/bin
10 verbose lifecycle shared-bookmarks@1.1.1~serve: CWD: /Users/andyhoffman/Sites/udemy/angular2/section_7/50/shared-bookmarks
11 silly lifecycle shared-bookmarks@1.1.1~serve: Args: [ '-c', 'tsc && concurrently "tsc -w" lite-server' ]
12 silly lifecycle shared-bookmarks@1.1.1~serve: Returned: code: 2  signal: null
13 info lifecycle shared-bookmarks@1.1.1~serve: Failed to exec serve script
14 verbose stack Error: shared-bookmarks@1.1.1 serve: `tsc && concurrently "tsc -w" lite-server`
14 verbose stack Exit status 2
14 verbose stack     at EventEmitter.<anonymous> (/usr/local/lib/node_modules/npm/lib/utils/lifecycle.js:239:16)
14 verbose stack     at emitTwo (events.js:100:13)
14 verbose stack     at EventEmitter.emit (events.js:185:7)
14 verbose stack     at ChildProcess.<anonymous> (/usr/local/lib/node_modules/npm/lib/utils/spawn.js:24:14)
14 verbose stack     at emitTwo (events.js:100:13)
14 verbose stack     at ChildProcess.emit (events.js:185:7)
14 verbose stack     at maybeClose (internal/child_process.js:850:16)
14 verbose stack     at Process.ChildProcess._handle.onexit (internal/child_process.js:215:5)
15 verbose pkgid shared-bookmarks@1.1.1
16 verbose cwd /Users/andyhoffman/Sites/udemy/angular2/section_7/50/shared-bookmarks
17 error Darwin 16.4.0
18 error argv "/usr/local/Cellar/node/5.10.1/bin/node" "/usr/local/bin/npm" "run" "serve"
19 error node v5.10.1
20 error npm  v3.8.3
21 error code ELIFECYCLE
22 error shared-bookmarks@1.1.1 serve: `tsc && concurrently "tsc -w" lite-server`
22 error Exit status 2
23 error Failed at the shared-bookmarks@1.1.1 serve script 'tsc && concurrently "tsc -w" lite-server'.
23 error Make sure you have the latest version of node.js and npm installed.
23 error If you do, this is most likely a problem with the shared-bookmarks package,
23 error not with npm itself.
23 error Tell the author that this fails on your system:
23 error     tsc && concurrently "tsc -w" lite-server
23 error You can get information on how to open an issue for this project with:
23 error     npm bugs shared-bookmarks
23 error Or if that isn't available, you can get their info via:
23 error     npm owner ls shared-bookmarks
23 error There is likely additional logging output above.
24 verbose exit [ 1, true ]
